<?xml version="1.0" ?>
<coverage branch-rate="0.5" branches-covered="3" branches-valid="6" complexity="0" line-rate="0.9655" lines-covered="56" lines-valid="58" timestamp="1573855836802" version="4.5.4">
	<!-- Generated by coverage.py: https://coverage.readthedocs.io -->
	<!-- Based on https://raw.githubusercontent.com/cobertura/web/master/htdocs/xml/coverage-04.dtd -->
	<sources>
		<source>/Users/rasthana/Desktop/HES/PSETS/2019fa-pset-5-ruchiasthana/pset_5</source>
	</sources>
	<packages>
		<package branch-rate="1" complexity="0" line-rate="1" name=".">
			<classes>
				<class branch-rate="1" complexity="0" filename="__init__.py" line-rate="1" name="__init__.py">
					<methods/>
					<lines/>
				</class>
			</classes>
		</package>
		<package branch-rate="0.5" complexity="0" line-rate="0.9655" name="tasks">
			<classes>
				<class branch-rate="1" complexity="0" filename="tasks/__init__.py" line-rate="1" name="__init__.py">
					<methods/>
					<lines/>
				</class>
				<class branch-rate="0.5" complexity="0" filename="tasks/yelp_reviews.py" line-rate="0.9655" name="yelp_reviews.py">
					<methods/>
					<lines>
						<line hits="1" number="1"/>
						<line hits="1" number="2"/>
						<line hits="1" number="3"/>
						<line hits="1" number="4"/>
						<line hits="1" number="5"/>
						<line hits="1" number="6"/>
						<line hits="1" number="7"/>
						<line hits="1" number="8"/>
						<line hits="1" number="9"/>
						<line hits="1" number="10"/>
						<line hits="1" number="13"/>
						<line hits="1" number="14"/>
						<line hits="1" number="15"/>
						<line hits="1" number="16"/>
						<line hits="1" number="17"/>
						<line hits="0" number="18"/>
						<line hits="0" number="19"/>
						<line hits="1" number="22"/>
						<line hits="1" number="23"/>
						<line hits="1" number="24"/>
						<line hits="1" number="25"/>
						<line hits="1" number="28"/>
						<line hits="1" number="34"/>
						<line hits="1" number="35"/>
						<line hits="1" number="40"/>
						<line branch="true" condition-coverage="50% (1/2)" hits="1" missing-branches="47" number="43"/>
						<line hits="1" number="44"/>
						<line hits="1" number="47"/>
						<line hits="1" number="54"/>
						<line hits="1" number="55"/>
						<line hits="1" number="58"/>
						<line hits="1" number="59"/>
						<line hits="1" number="60"/>
						<line hits="1" number="64"/>
						<line hits="1" number="65"/>
						<line hits="1" number="67"/>
						<line hits="1" number="68"/>
						<line branch="true" condition-coverage="50% (1/2)" hits="1" missing-branches="73" number="70"/>
						<line hits="1" number="71"/>
						<line hits="1" number="73"/>
						<line hits="1" number="80"/>
						<line hits="1" number="81"/>
						<line hits="1" number="83"/>
						<line hits="1" number="84"/>
						<line hits="1" number="86"/>
						<line hits="1" number="87"/>
						<line hits="1" number="88"/>
						<line hits="1" number="89"/>
						<line hits="1" number="91"/>
						<line hits="1" number="97"/>
						<line hits="1" number="98"/>
						<line branch="true" condition-coverage="50% (1/2)" hits="1" missing-branches="103" number="100"/>
						<line hits="1" number="101"/>
						<line hits="1" number="103"/>
						<line hits="1" number="109"/>
						<line hits="1" number="110"/>
						<line hits="1" number="112"/>
						<line hits="1" number="113"/>
					</lines>
				</class>
			</classes>
		</package>
	</packages>
</coverage>
